Using pre-set license
Built from '2022.3/staging' branch; Version is '2022.3.24f1 (334eb2a0b267) revision 3362482'; Using compiler version '192829333'; Build Type 'Release'
OS: 'Windows 10  (10.0.19045) 64bit Professional' Language: 'ru' Physical Memory: 16317 MB
BatchMode: 1, IsHumanControllingUs: 0, StartBugReporterOnCrash: 0, Is64bit: 1, IsPro: 1

COMMAND LINE ARGUMENTS:
E:\Programs\2022.3.24f1\Editor\Unity.exe
-adb2
-batchMode
-noUpm
-name
AssetImportWorker1
-projectPath
E:/GitHub/Unity_Skillbox_Homework1/Homework 26.05.2024/Assets/7 Homework
-logFile
Logs/AssetImportWorker1.log
-srvPort
56180
Successfully changed project path to: E:/GitHub/Unity_Skillbox_Homework1/Homework 26.05.2024/Assets/7 Homework
E:/GitHub/Unity_Skillbox_Homework1/Homework 26.05.2024/Assets/7 Homework
[UnityMemory] Configuration Parameters - Can be set up in boot.config
    "memorysetup-bucket-allocator-granularity=16"
    "memorysetup-bucket-allocator-bucket-count=8"
    "memorysetup-bucket-allocator-block-size=33554432"
    "memorysetup-bucket-allocator-block-count=8"
    "memorysetup-main-allocator-block-size=16777216"
    "memorysetup-thread-allocator-block-size=16777216"
    "memorysetup-gfx-main-allocator-block-size=16777216"
    "memorysetup-gfx-thread-allocator-block-size=16777216"
    "memorysetup-cache-allocator-block-size=4194304"
    "memorysetup-typetree-allocator-block-size=2097152"
    "memorysetup-profiler-bucket-allocator-granularity=16"
    "memorysetup-profiler-bucket-allocator-bucket-count=8"
    "memorysetup-profiler-bucket-allocator-block-size=33554432"
    "memorysetup-profiler-bucket-allocator-block-count=8"
    "memorysetup-profiler-allocator-block-size=16777216"
    "memorysetup-profiler-editor-allocator-block-size=1048576"
    "memorysetup-temp-allocator-size-main=16777216"
    "memorysetup-job-temp-allocator-block-size=2097152"
    "memorysetup-job-temp-allocator-block-size-background=1048576"
    "memorysetup-job-temp-allocator-reduction-small-platforms=262144"
    "memorysetup-allocator-temp-initial-block-size-main=262144"
    "memorysetup-allocator-temp-initial-block-size-worker=262144"
    "memorysetup-temp-allocator-size-background-worker=32768"
    "memorysetup-temp-allocator-size-job-worker=262144"
    "memorysetup-temp-allocator-size-preload-manager=33554432"
    "memorysetup-temp-allocator-size-nav-mesh-worker=65536"
    "memorysetup-temp-allocator-size-audio-worker=65536"
    "memorysetup-temp-allocator-size-cloud-worker=32768"
    "memorysetup-temp-allocator-size-gi-baking-worker=262144"
    "memorysetup-temp-allocator-size-gfx=262144"
Player connection [1512] Host "[IP] 192.168.1.137 [Port] 0 [Flags] 2 [Guid] 2054038395 [EditorId] 2054038395 [Version] 1048832 [Id] WindowsEditor(7,DESKTOP-SDVJRK3) [Debug] 1 [PackageName] WindowsEditor [ProjectName] Editor" joined multi-casting on [225.0.0.222:54997]...

Player connection [1512] Host "[IP] 192.168.1.137 [Port] 0 [Flags] 2 [Guid] 2054038395 [EditorId] 2054038395 [Version] 1048832 [Id] WindowsEditor(7,DESKTOP-SDVJRK3) [Debug] 1 [PackageName] WindowsEditor [ProjectName] Editor" joined alternative multi-casting on [225.0.0.222:34997]...

[Physics::Module] Initialized MultithreadedJobDispatcher with 7 workers.
Refreshing native plugins compatible for Editor in 0.00 ms, found 0 plugins.
Preloading 0 native plugins for Editor in 0.00 ms.
Initialize engine version: 2022.3.24f1 (334eb2a0b267)
[Subsystems] Discovering subsystems at path E:/Programs/2022.3.24f1/Editor/Data/Resources/UnitySubsystems
[Subsystems] Discovering subsystems at path E:/GitHub/Unity_Skillbox_Homework1/Homework 26.05.2024/Assets/7 Homework/Assets
GfxDevice: creating device client; threaded=0; jobified=0
Direct3D:
    Version:  Direct3D 11.0 [level 11.1]
    Renderer: NVIDIA GeForce GTX 1070 Ti (ID=0x1b82)
    Vendor:   NVIDIA
    VRAM:     8059 MB
    Driver:   31.0.15.5222
Initialize mono
Mono path[0] = 'E:/Programs/2022.3.24f1/Editor/Data/Managed'
Mono path[1] = 'E:/Programs/2022.3.24f1/Editor/Data/MonoBleedingEdge/lib/mono/unityjit-win32'
Mono config path = 'E:/Programs/2022.3.24f1/Editor/Data/MonoBleedingEdge/etc'
Using monoOptions --debugger-agent=transport=dt_socket,embedding=1,server=y,suspend=n,address=127.0.0.1:56164
Begin MonoManager ReloadAssembly
Registering precompiled unity dll's ...
Register platform support module: E:/Programs/2022.3.24f1/Editor/Data/PlaybackEngines/WindowsStandaloneSupport/UnityEditor.WindowsStandalone.Extensions.dll
Registered in 0.003117 seconds.
- Loaded All Assemblies, in  0.483 seconds
Native extension for WindowsStandalone target not found
Mono: successfully reloaded assembly
- Finished resetting the current domain, in  0.299 seconds
Domain Reload Profiling: 782ms
	BeginReloadAssembly (233ms)
		ExecutionOrderSort (0ms)
		DisableScriptedObjects (0ms)
		BackupInstance (0ms)
		ReleaseScriptingObjects (0ms)
		CreateAndSetChildDomain (1ms)
	RebuildCommonClasses (36ms)
	RebuildNativeTypeToScriptingClass (11ms)
	initialDomainReloadingComplete (52ms)
	LoadAllAssembliesAndSetupDomain (150ms)
		LoadAssemblies (232ms)
		RebuildTransferFunctionScriptingTraits (0ms)
		AnalyzeDomain (148ms)
			TypeCache.Refresh (146ms)
				TypeCache.ScanAssembly (130ms)
			ScanForSourceGeneratedMonoScriptInfo (0ms)
			ResolveRequiredComponents (0ms)
	FinalizeReload (299ms)
		ReleaseScriptCaches (0ms)
		RebuildScriptCaches (0ms)
		SetupLoadedEditorAssemblies (239ms)
			LogAssemblyErrors (0ms)
			InitializePlatformSupportModulesInManaged (7ms)
			SetLoadedEditorAssemblies (7ms)
			RefreshPlugins (0ms)
			BeforeProcessingInitializeOnLoad (2ms)
			ProcessInitializeOnLoadAttributes (156ms)
			ProcessInitializeOnLoadMethodAttributes (67ms)
			AfterProcessingInitializeOnLoad (0ms)
			EditorAssembliesLoaded (0ms)
		ExecutionOrderSort2 (0ms)
		AwakeInstancesAfterBackupRestoration (0ms)
========================================================================
Worker process is ready to serve import requests
Begin MonoManager ReloadAssembly
- Loaded All Assemblies, in  0.199 seconds
Refreshing native plugins compatible for Editor in 0.00 ms, found 0 plugins.
Native extension for WindowsStandalone target not found
Mono: successfully reloaded assembly
- Finished resetting the current domain, in  0.313 seconds
Domain Reload Profiling: 512ms
	BeginReloadAssembly (131ms)
		ExecutionOrderSort (0ms)
		DisableScriptedObjects (5ms)
		BackupInstance (0ms)
		ReleaseScriptingObjects (0ms)
		CreateAndSetChildDomain (18ms)
	RebuildCommonClasses (33ms)
	RebuildNativeTypeToScriptingClass (10ms)
	initialDomainReloadingComplete (18ms)
	LoadAllAssembliesAndSetupDomain (5ms)
		LoadAssemblies (80ms)
		RebuildTransferFunctionScriptingTraits (0ms)
		AnalyzeDomain (4ms)
			TypeCache.Refresh (3ms)
				TypeCache.ScanAssembly (0ms)
			ScanForSourceGeneratedMonoScriptInfo (0ms)
			ResolveRequiredComponents (0ms)
	FinalizeReload (314ms)
		ReleaseScriptCaches (0ms)
		RebuildScriptCaches (0ms)
		SetupLoadedEditorAssemblies (190ms)
			LogAssemblyErrors (0ms)
			InitializePlatformSupportModulesInManaged (5ms)
			SetLoadedEditorAssemblies (5ms)
			RefreshPlugins (0ms)
			BeforeProcessingInitializeOnLoad (22ms)
			ProcessInitializeOnLoadAttributes (139ms)
			ProcessInitializeOnLoadMethodAttributes (17ms)
			AfterProcessingInitializeOnLoad (2ms)
			EditorAssembliesLoaded (0ms)
		ExecutionOrderSort2 (0ms)
		AwakeInstancesAfterBackupRestoration (6ms)
Launched and connected shader compiler UnityShaderCompiler.exe after 0.03 seconds
Refreshing native plugins compatible for Editor in 0.00 ms, found 0 plugins.
Preloading 0 native plugins for Editor in 0.00 ms.
Unloading 6 Unused Serialized files (Serialized files now loaded: 0)
Unloading 3 unused Assets / (40.4 KB). Loaded Objects now: 477.
Memory consumption went from 51.2 MB to 51.2 MB.
Total: 2.112300 ms (FindLiveObjects: 0.042800 ms CreateObjectMapping: 0.004300 ms MarkObjects: 1.985400 ms  DeleteObjects: 0.078600 ms)

AssetImportParameters requested are different than current active one (requested -> active):
  custom:video-decoder-ogg-theora: a1e56fd34408186e4bbccfd4996cb3dc -> 
  custom:container-muxer-webm: aa71ff27fc2769a1b78a27578f13a17b -> 
  custom:container-demuxer-webm: 4f35f7cbe854078d1ac9338744f61a02 -> 
  custom:video-encoder-webm-vp8: eb34c28f22e8b96e1ab97ce403110664 -> 
  custom:CustomObjectIndexerAttribute: 9a22284fe3817be447336de3de66b15e -> 
  custom:audio-encoder-webm-vorbis: bf7c407c2cedff20999df2af8eb42d56 -> 
  custom:framework-win-MediaFoundation: 216162199b28c13a410421893ffa2e32 -> 
  custom:SearchIndexIgnoredProperties: e643bd26f0fe6173181afceb89e7c659 -> 
  custom:container-demuxer-ogg: 62fdf1f143b41e24485cea50d1cbac27 -> 
  custom:video-decoder-webm-vp8: 9c59270c3fd7afecdb556c50c9e8de78 -> 
  custom:audio-decoder-ogg-vorbis: bf7c407c2cedff20999df2af8eb42d56 -> 
  custom:AudioImporter_EditorPlatform: d09bf68614088b80899f8185d706f6e7 -> 
========================================================================
Received Import Request.
  Time since last request: 1104857.432881 seconds.
  path: Assets/yumi44_Dark_medival_battle._2d_game_art_style._Flat_Design_c7d19ce2-13dc-43d6-9bb3-400b2f7c9f70.png
  artifactKey: Guid(00814c90f457a204090947b4b46e7d19) Importer(815301076,1909f56bfc062723c751e8b465ee728b)
Start importing Assets/yumi44_Dark_medival_battle._2d_game_art_style._Flat_Design_c7d19ce2-13dc-43d6-9bb3-400b2f7c9f70.png using Guid(00814c90f457a204090947b4b46e7d19) Importer(815301076,1909f56bfc062723c751e8b465ee728b)  -> (artifact id: '6e728434b5bc4f67a511364ad2024f5c') in 0.087031 seconds
Number of updated asset objects reloaded before import = 0
Number of asset objects unloaded after import = 3
========================================================================
Received Import Request.
  Time since last request: 0.000020 seconds.
  path: Assets/yumi44_Medival_barbarian_with_axe_in_his_hand_with_black_backgr_a22e7404-f83e-4f29-9d70-6769fa28ed8d.png
  artifactKey: Guid(44b8fbf7ef76b30468039ee685695bf1) Importer(815301076,1909f56bfc062723c751e8b465ee728b)
Start importing Assets/yumi44_Medival_barbarian_with_axe_in_his_hand_with_black_backgr_a22e7404-f83e-4f29-9d70-6769fa28ed8d.png using Guid(44b8fbf7ef76b30468039ee685695bf1) Importer(815301076,1909f56bfc062723c751e8b465ee728b)  -> (artifact id: '49a1c139d949ccd7c5d313aba4b2348d') in 0.021111 seconds
Number of updated asset objects reloaded before import = 0
Number of asset objects unloaded after import = 3
========================================================================
Received Import Request.
  Time since last request: 0.000013 seconds.
  path: Assets/yumi44_Close_up_portraint_of_medival_knight._Black_Background.__655f36ef-9b93-46d1-b1df-c0146ed038e4.png
  artifactKey: Guid(23ed4cc8a6916984681e1205ff399cd7) Importer(815301076,1909f56bfc062723c751e8b465ee728b)
Start importing Assets/yumi44_Close_up_portraint_of_medival_knight._Black_Background.__655f36ef-9b93-46d1-b1df-c0146ed038e4.png using Guid(23ed4cc8a6916984681e1205ff399cd7) Importer(815301076,1909f56bfc062723c751e8b465ee728b)  -> (artifact id: '1445b8d0d93435885d3dbea6629b2bf1') in 0.015507 seconds
Number of updated asset objects reloaded before import = 0
Number of asset objects unloaded after import = 3
========================================================================
Received Import Request.
  Time since last request: 0.000012 seconds.
  path: Assets/yumi44_Medival_peasant_with_wheat_in_his_hand_with_black_backgr_db873051-64d0-4e0a-ad90-f4432dff6468.png
  artifactKey: Guid(107ae2a2977c68c47977fa8c4c2c24b4) Importer(815301076,1909f56bfc062723c751e8b465ee728b)
Start importing Assets/yumi44_Medival_peasant_with_wheat_in_his_hand_with_black_backgr_db873051-64d0-4e0a-ad90-f4432dff6468.png using Guid(107ae2a2977c68c47977fa8c4c2c24b4) Importer(815301076,1909f56bfc062723c751e8b465ee728b)  -> (artifact id: '21ad4d4d849dad69118737ab4cce4776') in 0.015031 seconds
Number of updated asset objects reloaded before import = 0
Number of asset objects unloaded after import = 3
========================================================================
Received Import Request.
  Time since last request: 0.000010 seconds.
  path: Assets/yumi44_game_victory_79eeb699-05d6-4cbc-8196-7cac736577eb (1).png
  artifactKey: Guid(97cc840e48622d740984b036b0574180) Importer(815301076,1909f56bfc062723c751e8b465ee728b)
Start importing Assets/yumi44_game_victory_79eeb699-05d6-4cbc-8196-7cac736577eb (1).png using Guid(97cc840e48622d740984b036b0574180) Importer(815301076,1909f56bfc062723c751e8b465ee728b)  -> (artifact id: 'e0580da5d81c2976b2c8f5fc22691eb6') in 0.015880 seconds
Number of updated asset objects reloaded before import = 0
Number of asset objects unloaded after import = 3
========================================================================
Received Import Request.
  Time since last request: 0.000015 seconds.
  path: Assets/yumi44_Isometric_wheat_field_1e48ae8b-e567-486d-984d-05b4a9eb4a9f.png
  artifactKey: Guid(5e2cff86f9ff23c46a9999d015e8548c) Importer(815301076,1909f56bfc062723c751e8b465ee728b)
Start importing Assets/yumi44_Isometric_wheat_field_1e48ae8b-e567-486d-984d-05b4a9eb4a9f.png using Guid(5e2cff86f9ff23c46a9999d015e8548c) Importer(815301076,1909f56bfc062723c751e8b465ee728b)  -> (artifact id: '341310f628fc01fe6e21eb51ae89cbb8') in 0.021383 seconds
Number of updated asset objects reloaded before import = 0
Number of asset objects unloaded after import = 3
========================================================================
Received Import Request.
  Time since last request: 0.000013 seconds.
  path: Assets/Outline House.png
  artifactKey: Guid(0163184342c386a4e91a65f530c6322a) Importer(815301076,1909f56bfc062723c751e8b465ee728b)
Start importing Assets/Outline House.png using Guid(0163184342c386a4e91a65f530c6322a) Importer(815301076,1909f56bfc062723c751e8b465ee728b)  -> (artifact id: '173ad9d3bfdb66686a57a23d0acbf630') in 0.012390 seconds
Number of updated asset objects reloaded before import = 0
Number of asset objects unloaded after import = 3
========================================================================
Received Import Request.
  Time since last request: 0.000009 seconds.
  path: Assets/Menu.png
  artifactKey: Guid(043ba9b408205fb4bbc6ca50a3d69b18) Importer(815301076,1909f56bfc062723c751e8b465ee728b)
Start importing Assets/Menu.png using Guid(043ba9b408205fb4bbc6ca50a3d69b18) Importer(815301076,1909f56bfc062723c751e8b465ee728b)  -> (artifact id: 'fcdee2eaaf593d476d487ac29f9d6fcf') in 0.025788 seconds
Number of updated asset objects reloaded before import = 0
Number of asset objects unloaded after import = 3
========================================================================
Received Import Request.
  Time since last request: 0.000015 seconds.
  path: Assets/Rectangle 2.png
  artifactKey: Guid(b768b1cf0af1b3549955afeaa9b79a38) Importer(815301076,1909f56bfc062723c751e8b465ee728b)
Start importing Assets/Rectangle 2.png using Guid(b768b1cf0af1b3549955afeaa9b79a38) Importer(815301076,1909f56bfc062723c751e8b465ee728b)  -> (artifact id: 'e3248838d802bfb77169e0edf60c2077') in 0.015161 seconds
Number of updated asset objects reloaded before import = 0
Number of asset objects unloaded after import = 3
========================================================================
Received Import Request.
  Time since last request: 0.000022 seconds.
  path: Assets/Pause.png
  artifactKey: Guid(edbf81068902927419155076429dcb02) Importer(815301076,1909f56bfc062723c751e8b465ee728b)
Start importing Assets/Pause.png using Guid(edbf81068902927419155076429dcb02) Importer(815301076,1909f56bfc062723c751e8b465ee728b)  -> (artifact id: '5acd34a54b6d792a1a7e0aee08bb7c8e') in 0.023117 seconds
Number of updated asset objects reloaded before import = 0
Number of asset objects unloaded after import = 3
========================================================================
Received Import Request.
  Time since last request: 0.000011 seconds.
  path: Assets/12545.png
  artifactKey: Guid(98e832fb3043a3c4bbefa712c77ea018) Importer(815301076,1909f56bfc062723c751e8b465ee728b)
Start importing Assets/12545.png using Guid(98e832fb3043a3c4bbefa712c77ea018) Importer(815301076,1909f56bfc062723c751e8b465ee728b)  -> (artifact id: '4714db1a0500e58ec9896fe3fc70a714') in 0.021563 seconds
Number of updated asset objects reloaded before import = 0
Number of asset objects unloaded after import = 3
========================================================================
Received Import Request.
  Time since last request: 0.000011 seconds.
  path: Assets/yumi44_Hearthstone_style_cartoon_style_Sad_king_holds_his_head__672e605f-8622-4824-8a6f-6f21e32fa410.png
  artifactKey: Guid(028c562a20e3d5b41be4698e88327f97) Importer(815301076,1909f56bfc062723c751e8b465ee728b)
Start importing Assets/yumi44_Hearthstone_style_cartoon_style_Sad_king_holds_his_head__672e605f-8622-4824-8a6f-6f21e32fa410.png using Guid(028c562a20e3d5b41be4698e88327f97) Importer(815301076,1909f56bfc062723c751e8b465ee728b)  -> (artifact id: '4ca72f7169146996b057d22f48cbef68') in 0.018445 seconds
Number of updated asset objects reloaded before import = 0
Number of asset objects unloaded after import = 3
========================================================================
Received Import Request.
  Time since last request: 0.000012 seconds.
  path: Assets/Slider.png
  artifactKey: Guid(6ba4234b3d987ac46a79ef135379f318) Importer(815301076,1909f56bfc062723c751e8b465ee728b)
Start importing Assets/Slider.png using Guid(6ba4234b3d987ac46a79ef135379f318) Importer(815301076,1909f56bfc062723c751e8b465ee728b)  -> (artifact id: '2711babe78498f9817c0a43bc798caf5') in 0.016361 seconds
Number of updated asset objects reloaded before import = 0
Number of asset objects unloaded after import = 3
========================================================================
Received Import Request.
  Time since last request: 0.000013 seconds.
  path: Assets/yumi44_Medival_food_icon._flat_design_a3442c53-2ac2-4b30-94c1-94c18f66b50e.png
  artifactKey: Guid(7ff33e958c25c1442bbc28c5a0c879d9) Importer(815301076,1909f56bfc062723c751e8b465ee728b)
Start importing Assets/yumi44_Medival_food_icon._flat_design_a3442c53-2ac2-4b30-94c1-94c18f66b50e.png using Guid(7ff33e958c25c1442bbc28c5a0c879d9) Importer(815301076,1909f56bfc062723c751e8b465ee728b)  -> (artifact id: '1004fa6e10700404829f3d4a6450ab03') in 0.017501 seconds
Number of updated asset objects reloaded before import = 0
Number of asset objects unloaded after import = 3
========================================================================
Received Import Request.
  Time since last request: 0.000013 seconds.
  path: Assets/Mute On.png
  artifactKey: Guid(4e6ceeebe28b37a4e946ba9d3f3ddb7a) Importer(815301076,1909f56bfc062723c751e8b465ee728b)
Start importing Assets/Mute On.png using Guid(4e6ceeebe28b37a4e946ba9d3f3ddb7a) Importer(815301076,1909f56bfc062723c751e8b465ee728b)  -> (artifact id: '11fe62c74bd976eff7378e0cf77ce1ed') in 0.021848 seconds
Number of updated asset objects reloaded before import = 0
Number of asset objects unloaded after import = 3
========================================================================
Received Import Request.
  Time since last request: 0.000016 seconds.
  path: Assets/Play.png
  artifactKey: Guid(b22311c9391684f41a3a93a1afe5c01b) Importer(815301076,1909f56bfc062723c751e8b465ee728b)
Start importing Assets/Play.png using Guid(b22311c9391684f41a3a93a1afe5c01b) Importer(815301076,1909f56bfc062723c751e8b465ee728b)  -> (artifact id: 'bf40ed1885b8688764bdadd1853fcd45') in 0.021958 seconds
Number of updated asset objects reloaded before import = 0
Number of asset objects unloaded after import = 3
========================================================================
Received Import Request.
  Time since last request: 11.481784 seconds.
  path: Assets/Sounds/Click.ogg
  artifactKey: Guid(9e0de2418f67770408c8f3d9f519c0c8) Importer(815301076,1909f56bfc062723c751e8b465ee728b)
Start importing Assets/Sounds/Click.ogg using Guid(9e0de2418f67770408c8f3d9f519c0c8) Importer(815301076,1909f56bfc062723c751e8b465ee728b)  -> (artifact id: '5643592ee49c47a2a22f6a8c3ba51d61') in 0.042902 seconds
Number of updated asset objects reloaded before import = 0
Number of asset objects unloaded after import = 2
========================================================================
Received Import Request.
  Time since last request: 0.000013 seconds.
  path: Assets/Sounds/Victory.wav
  artifactKey: Guid(78b12ad36c3fb4048928328022276ad8) Importer(815301076,1909f56bfc062723c751e8b465ee728b)
Start importing Assets/Sounds/Victory.wav using Guid(78b12ad36c3fb4048928328022276ad8) Importer(815301076,1909f56bfc062723c751e8b465ee728b)  -> (artifact id: '4af4ce0f9715c331c65f1c196df2413a') in 0.011548 seconds
Number of updated asset objects reloaded before import = 0
Number of asset objects unloaded after import = 2
========================================================================
Received Import Request.
  Time since last request: 0.000063 seconds.
  path: Assets/Sounds/Peaceful Medieval Village Music - Silverwood Town _ Soothing, Relaxing, Beautiful ★140 (mp3cut.net).mp3
  artifactKey: Guid(cce1ce3a26b308f4ba93bbd9cc5c1c0a) Importer(815301076,1909f56bfc062723c751e8b465ee728b)
Start importing Assets/Sounds/Peaceful Medieval Village Music - Silverwood Town _ Soothing, Relaxing, Beautiful ★140 (mp3cut.net).mp3 using Guid(cce1ce3a26b308f4ba93bbd9cc5c1c0a) Importer(815301076,1909f56bfc062723c751e8b465ee728b)  -> (artifact id: '0943bbc4b1786a801599d80c95f9d6d7') in 0.012109 seconds
Number of updated asset objects reloaded before import = 0
Number of asset objects unloaded after import = 2
========================================================================
Received Import Request.
  Time since last request: 0.423750 seconds.
  path: Assets/TileMap/Isometric Assets 2.png
  artifactKey: Guid(27e0720318d7ac747b1afa0eeddff953) Importer(815301076,1909f56bfc062723c751e8b465ee728b)
Start importing Assets/TileMap/Isometric Assets 2.png using Guid(27e0720318d7ac747b1afa0eeddff953) Importer(815301076,1909f56bfc062723c751e8b465ee728b)  -> (artifact id: '1d3082679b520a6ffbc1ba85ed24dc0c') in 0.024823 seconds
Number of updated asset objects reloaded before import = 0
Number of asset objects unloaded after import = 2
========================================================================
Received Import Request.
  Time since last request: 0.000096 seconds.
  path: Assets/TileMap/Isometric Assets 4.png
  artifactKey: Guid(16914b242ed5abf4a99042f4f23d503b) Importer(815301076,1909f56bfc062723c751e8b465ee728b)
Start importing Assets/TileMap/Isometric Assets 4.png using Guid(16914b242ed5abf4a99042f4f23d503b) Importer(815301076,1909f56bfc062723c751e8b465ee728b)  -> (artifact id: 'e009ea1ffa792c5202e4450191474a86') in 0.012382 seconds
Number of updated asset objects reloaded before import = 0
Number of asset objects unloaded after import = 2
========================================================================
Received Import Request.
  Time since last request: 0.000122 seconds.
  path: Assets/TileMap/Isometric Assets 3.png
  artifactKey: Guid(628163795e67ae8408f196d3ad0a8360) Importer(815301076,1909f56bfc062723c751e8b465ee728b)
Start importing Assets/TileMap/Isometric Assets 3.png using Guid(628163795e67ae8408f196d3ad0a8360) Importer(815301076,1909f56bfc062723c751e8b465ee728b)  -> (artifact id: '174a0743c65b340707feaa44576272c7') in 0.018649 seconds
Number of updated asset objects reloaded before import = 0
Number of asset objects unloaded after import = 2
