Using pre-set license
Built from '2022.3/staging' branch; Version is '2022.3.24f1 (334eb2a0b267) revision 3362482'; Using compiler version '192829333'; Build Type 'Release'
OS: 'Windows 10  (10.0.19045) 64bit Professional' Language: 'ru' Physical Memory: 16317 MB
BatchMode: 1, IsHumanControllingUs: 0, StartBugReporterOnCrash: 0, Is64bit: 1, IsPro: 1

COMMAND LINE ARGUMENTS:
E:\Programs\2022.3.24f1\Editor\Unity.exe
-adb2
-batchMode
-noUpm
-name
AssetImportWorker0
-projectPath
E:/GitHub/Unity_Skillbox_Homework1/Homework 26.05.2024/Assets/7 Homework
-logFile
Logs/AssetImportWorker0.log
-srvPort
56180
Successfully changed project path to: E:/GitHub/Unity_Skillbox_Homework1/Homework 26.05.2024/Assets/7 Homework
E:/GitHub/Unity_Skillbox_Homework1/Homework 26.05.2024/Assets/7 Homework
[UnityMemory] Configuration Parameters - Can be set up in boot.config
    "memorysetup-bucket-allocator-granularity=16"
    "memorysetup-bucket-allocator-bucket-count=8"
    "memorysetup-bucket-allocator-block-size=33554432"
    "memorysetup-bucket-allocator-block-count=8"
    "memorysetup-main-allocator-block-size=16777216"
    "memorysetup-thread-allocator-block-size=16777216"
    "memorysetup-gfx-main-allocator-block-size=16777216"
    "memorysetup-gfx-thread-allocator-block-size=16777216"
    "memorysetup-cache-allocator-block-size=4194304"
    "memorysetup-typetree-allocator-block-size=2097152"
    "memorysetup-profiler-bucket-allocator-granularity=16"
    "memorysetup-profiler-bucket-allocator-bucket-count=8"
    "memorysetup-profiler-bucket-allocator-block-size=33554432"
    "memorysetup-profiler-bucket-allocator-block-count=8"
    "memorysetup-profiler-allocator-block-size=16777216"
    "memorysetup-profiler-editor-allocator-block-size=1048576"
    "memorysetup-temp-allocator-size-main=16777216"
    "memorysetup-job-temp-allocator-block-size=2097152"
    "memorysetup-job-temp-allocator-block-size-background=1048576"
    "memorysetup-job-temp-allocator-reduction-small-platforms=262144"
    "memorysetup-allocator-temp-initial-block-size-main=262144"
    "memorysetup-allocator-temp-initial-block-size-worker=262144"
    "memorysetup-temp-allocator-size-background-worker=32768"
    "memorysetup-temp-allocator-size-job-worker=262144"
    "memorysetup-temp-allocator-size-preload-manager=33554432"
    "memorysetup-temp-allocator-size-nav-mesh-worker=65536"
    "memorysetup-temp-allocator-size-audio-worker=65536"
    "memorysetup-temp-allocator-size-cloud-worker=32768"
    "memorysetup-temp-allocator-size-gi-baking-worker=262144"
    "memorysetup-temp-allocator-size-gfx=262144"
Player connection [10596] Host "[IP] 192.168.1.137 [Port] 0 [Flags] 2 [Guid] 4121185014 [EditorId] 4121185014 [Version] 1048832 [Id] WindowsEditor(7,DESKTOP-SDVJRK3) [Debug] 1 [PackageName] WindowsEditor [ProjectName] Editor" joined multi-casting on [225.0.0.222:54997]...

Player connection [10596] Host "[IP] 192.168.1.137 [Port] 0 [Flags] 2 [Guid] 4121185014 [EditorId] 4121185014 [Version] 1048832 [Id] WindowsEditor(7,DESKTOP-SDVJRK3) [Debug] 1 [PackageName] WindowsEditor [ProjectName] Editor" joined alternative multi-casting on [225.0.0.222:34997]...

[Physics::Module] Initialized MultithreadedJobDispatcher with 7 workers.
Refreshing native plugins compatible for Editor in 0.00 ms, found 0 plugins.
Preloading 0 native plugins for Editor in 0.00 ms.
Initialize engine version: 2022.3.24f1 (334eb2a0b267)
[Subsystems] Discovering subsystems at path E:/Programs/2022.3.24f1/Editor/Data/Resources/UnitySubsystems
[Subsystems] Discovering subsystems at path E:/GitHub/Unity_Skillbox_Homework1/Homework 26.05.2024/Assets/7 Homework/Assets
GfxDevice: creating device client; threaded=0; jobified=0
Direct3D:
    Version:  Direct3D 11.0 [level 11.1]
    Renderer: NVIDIA GeForce GTX 1070 Ti (ID=0x1b82)
    Vendor:   NVIDIA
    VRAM:     8059 MB
    Driver:   31.0.15.5222
Initialize mono
Mono path[0] = 'E:/Programs/2022.3.24f1/Editor/Data/Managed'
Mono path[1] = 'E:/Programs/2022.3.24f1/Editor/Data/MonoBleedingEdge/lib/mono/unityjit-win32'
Mono config path = 'E:/Programs/2022.3.24f1/Editor/Data/MonoBleedingEdge/etc'
Using monoOptions --debugger-agent=transport=dt_socket,embedding=1,server=y,suspend=n,address=127.0.0.1:56868
Begin MonoManager ReloadAssembly
Registering precompiled unity dll's ...
Register platform support module: E:/Programs/2022.3.24f1/Editor/Data/PlaybackEngines/WindowsStandaloneSupport/UnityEditor.WindowsStandalone.Extensions.dll
Registered in 0.002752 seconds.
- Loaded All Assemblies, in  0.462 seconds
Native extension for WindowsStandalone target not found
Mono: successfully reloaded assembly
- Finished resetting the current domain, in  0.299 seconds
Domain Reload Profiling: 761ms
	BeginReloadAssembly (215ms)
		ExecutionOrderSort (0ms)
		DisableScriptedObjects (0ms)
		BackupInstance (0ms)
		ReleaseScriptingObjects (0ms)
		CreateAndSetChildDomain (1ms)
	RebuildCommonClasses (36ms)
	RebuildNativeTypeToScriptingClass (10ms)
	initialDomainReloadingComplete (52ms)
	LoadAllAssembliesAndSetupDomain (148ms)
		LoadAssemblies (214ms)
		RebuildTransferFunctionScriptingTraits (0ms)
		AnalyzeDomain (147ms)
			TypeCache.Refresh (145ms)
				TypeCache.ScanAssembly (130ms)
			ScanForSourceGeneratedMonoScriptInfo (0ms)
			ResolveRequiredComponents (0ms)
	FinalizeReload (300ms)
		ReleaseScriptCaches (0ms)
		RebuildScriptCaches (0ms)
		SetupLoadedEditorAssemblies (240ms)
			LogAssemblyErrors (0ms)
			InitializePlatformSupportModulesInManaged (7ms)
			SetLoadedEditorAssemblies (7ms)
			RefreshPlugins (0ms)
			BeforeProcessingInitializeOnLoad (2ms)
			ProcessInitializeOnLoadAttributes (158ms)
			ProcessInitializeOnLoadMethodAttributes (65ms)
			AfterProcessingInitializeOnLoad (0ms)
			EditorAssembliesLoaded (0ms)
		ExecutionOrderSort2 (0ms)
		AwakeInstancesAfterBackupRestoration (0ms)
========================================================================
Worker process is ready to serve import requests
Begin MonoManager ReloadAssembly
- Loaded All Assemblies, in  0.195 seconds
Refreshing native plugins compatible for Editor in 0.00 ms, found 0 plugins.
Native extension for WindowsStandalone target not found
Mono: successfully reloaded assembly
- Finished resetting the current domain, in  0.314 seconds
Domain Reload Profiling: 509ms
	BeginReloadAssembly (127ms)
		ExecutionOrderSort (0ms)
		DisableScriptedObjects (6ms)
		BackupInstance (0ms)
		ReleaseScriptingObjects (0ms)
		CreateAndSetChildDomain (19ms)
	RebuildCommonClasses (32ms)
	RebuildNativeTypeToScriptingClass (11ms)
	initialDomainReloadingComplete (19ms)
	LoadAllAssembliesAndSetupDomain (6ms)
		LoadAssemblies (75ms)
		RebuildTransferFunctionScriptingTraits (0ms)
		AnalyzeDomain (4ms)
			TypeCache.Refresh (3ms)
				TypeCache.ScanAssembly (0ms)
			ScanForSourceGeneratedMonoScriptInfo (0ms)
			ResolveRequiredComponents (0ms)
	FinalizeReload (314ms)
		ReleaseScriptCaches (0ms)
		RebuildScriptCaches (0ms)
		SetupLoadedEditorAssemblies (189ms)
			LogAssemblyErrors (0ms)
			InitializePlatformSupportModulesInManaged (5ms)
			SetLoadedEditorAssemblies (6ms)
			RefreshPlugins (0ms)
			BeforeProcessingInitializeOnLoad (20ms)
			ProcessInitializeOnLoadAttributes (139ms)
			ProcessInitializeOnLoadMethodAttributes (17ms)
			AfterProcessingInitializeOnLoad (2ms)
			EditorAssembliesLoaded (0ms)
		ExecutionOrderSort2 (0ms)
		AwakeInstancesAfterBackupRestoration (6ms)
Launched and connected shader compiler UnityShaderCompiler.exe after 0.03 seconds
Refreshing native plugins compatible for Editor in 0.00 ms, found 0 plugins.
Preloading 0 native plugins for Editor in 0.00 ms.
Unloading 6 Unused Serialized files (Serialized files now loaded: 0)
Unloading 3 unused Assets / (40.3 KB). Loaded Objects now: 477.
Memory consumption went from 51.2 MB to 51.1 MB.
Total: 1.996000 ms (FindLiveObjects: 0.041200 ms CreateObjectMapping: 0.003900 ms MarkObjects: 1.888000 ms  DeleteObjects: 0.061900 ms)

AssetImportParameters requested are different than current active one (requested -> active):
  custom:video-decoder-ogg-theora: a1e56fd34408186e4bbccfd4996cb3dc -> 
  custom:container-muxer-webm: aa71ff27fc2769a1b78a27578f13a17b -> 
  custom:container-demuxer-webm: 4f35f7cbe854078d1ac9338744f61a02 -> 
  custom:video-encoder-webm-vp8: eb34c28f22e8b96e1ab97ce403110664 -> 
  custom:CustomObjectIndexerAttribute: 9a22284fe3817be447336de3de66b15e -> 
  custom:audio-encoder-webm-vorbis: bf7c407c2cedff20999df2af8eb42d56 -> 
  custom:framework-win-MediaFoundation: 216162199b28c13a410421893ffa2e32 -> 
  custom:SearchIndexIgnoredProperties: e643bd26f0fe6173181afceb89e7c659 -> 
  custom:container-demuxer-ogg: 62fdf1f143b41e24485cea50d1cbac27 -> 
  custom:video-decoder-webm-vp8: 9c59270c3fd7afecdb556c50c9e8de78 -> 
  custom:audio-decoder-ogg-vorbis: bf7c407c2cedff20999df2af8eb42d56 -> 
  custom:AudioImporter_EditorPlatform: d09bf68614088b80899f8185d706f6e7 -> 
========================================================================
Received Import Request.
  Time since last request: 1104857.415287 seconds.
  path: Assets/Mute Off.png
  artifactKey: Guid(b7b71e393f3fef843a98555c83b49fe2) Importer(815301076,1909f56bfc062723c751e8b465ee728b)
Start importing Assets/Mute Off.png using Guid(b7b71e393f3fef843a98555c83b49fe2) Importer(815301076,1909f56bfc062723c751e8b465ee728b)  -> (artifact id: '36e45285415f0a039d633ecbad21926f') in 0.097207 seconds
Number of updated asset objects reloaded before import = 0
Number of asset objects unloaded after import = 3
========================================================================
Received Import Request.
  Time since last request: 0.000015 seconds.
  path: Assets/yumi44_Giant_isometric_field_2f767bff-ef8c-4142-9b0f-89ccb7a0c7df.png
  artifactKey: Guid(8b7be68a0aef96146892b715696dc268) Importer(815301076,1909f56bfc062723c751e8b465ee728b)
Start importing Assets/yumi44_Giant_isometric_field_2f767bff-ef8c-4142-9b0f-89ccb7a0c7df.png using Guid(8b7be68a0aef96146892b715696dc268) Importer(815301076,1909f56bfc062723c751e8b465ee728b)  -> (artifact id: '5203313ec193480bd62100e70dbbcfdc') in 0.036631 seconds
Number of updated asset objects reloaded before import = 0
Number of asset objects unloaded after import = 3
========================================================================
Received Import Request.
  Time since last request: 0.000012 seconds.
  path: Assets/fd4a197e-a9ee-4606-b16f-ac7725a32274Ahşap Nedir ve Neden Tercih Edilir-B.jpg
  artifactKey: Guid(51ded7a6def807f4e8eca14f41cd6799) Importer(815301076,1909f56bfc062723c751e8b465ee728b)
Start importing Assets/fd4a197e-a9ee-4606-b16f-ac7725a32274Ahşap Nedir ve Neden Tercih Edilir-B.jpg using Guid(51ded7a6def807f4e8eca14f41cd6799) Importer(815301076,1909f56bfc062723c751e8b465ee728b)  -> (artifact id: 'e925d194a74aa91bb61987ba483c07f8') in 0.012568 seconds
Number of updated asset objects reloaded before import = 0
Number of asset objects unloaded after import = 3
========================================================================
Received Import Request.
  Time since last request: 0.000013 seconds.
  path: Assets/yumi44_Isometric_tavern_3250f2fe-0d30-4198-857f-68e70cf832cc.png
  artifactKey: Guid(b425a36c9f89708429eeaa7ffa0436c3) Importer(815301076,1909f56bfc062723c751e8b465ee728b)
Start importing Assets/yumi44_Isometric_tavern_3250f2fe-0d30-4198-857f-68e70cf832cc.png using Guid(b425a36c9f89708429eeaa7ffa0436c3) Importer(815301076,1909f56bfc062723c751e8b465ee728b)  -> (artifact id: 'dd2e8a1915b2c354f02c981c7dae8ac7') in 0.016662 seconds
Number of updated asset objects reloaded before import = 0
Number of asset objects unloaded after import = 3
========================================================================
Received Import Request.
  Time since last request: 0.000012 seconds.
  path: Assets/yumi44_Simple_Isometric_house_17d5fc6c-f45f-48b6-bc49-fe78ed89ae6c.png
  artifactKey: Guid(6d149caad18abd34ca21c32bc29a72bf) Importer(815301076,1909f56bfc062723c751e8b465ee728b)
Start importing Assets/yumi44_Simple_Isometric_house_17d5fc6c-f45f-48b6-bc49-fe78ed89ae6c.png using Guid(6d149caad18abd34ca21c32bc29a72bf) Importer(815301076,1909f56bfc062723c751e8b465ee728b)  -> (artifact id: '1e7f1573e3633ff02a6a6f6b7cfe9172') in 0.019594 seconds
Number of updated asset objects reloaded before import = 0
Number of asset objects unloaded after import = 3
========================================================================
Received Import Request.
  Time since last request: 0.000012 seconds.
  path: Assets/Fast.png
  artifactKey: Guid(d2db26e7dda93474d87e9ca03c6074d1) Importer(815301076,1909f56bfc062723c751e8b465ee728b)
Start importing Assets/Fast.png using Guid(d2db26e7dda93474d87e9ca03c6074d1) Importer(815301076,1909f56bfc062723c751e8b465ee728b)  -> (artifact id: 'e374bb6a5b8eed539e77d1de1ff79815') in 0.023672 seconds
Number of updated asset objects reloaded before import = 0
Number of asset objects unloaded after import = 3
========================================================================
Received Import Request.
  Time since last request: 0.000014 seconds.
  path: Assets/ofont.ru_Bergamasco.ttf
  artifactKey: Guid(463f908eff0996343b7a50d46f759419) Importer(815301076,1909f56bfc062723c751e8b465ee728b)
Start importing Assets/ofont.ru_Bergamasco.ttf using Guid(463f908eff0996343b7a50d46f759419) Importer(815301076,1909f56bfc062723c751e8b465ee728b)  -> (artifact id: '8c72455ee1851b89bfd9a5be9f91d593') in 0.044683 seconds
Number of updated asset objects reloaded before import = 0
Number of asset objects unloaded after import = 4
========================================================================
Received Import Request.
  Time since last request: 0.000022 seconds.
  path: Assets/Outline Tavern.png
  artifactKey: Guid(f4fb8586c8ec1cb4fab4ac4c347ee9be) Importer(815301076,1909f56bfc062723c751e8b465ee728b)
Start importing Assets/Outline Tavern.png using Guid(f4fb8586c8ec1cb4fab4ac4c347ee9be) Importer(815301076,1909f56bfc062723c751e8b465ee728b)  -> (artifact id: '42d28d833e0905fcb6c4a861aa8ce682') in 0.016619 seconds
Number of updated asset objects reloaded before import = 0
Number of asset objects unloaded after import = 3
========================================================================
Received Import Request.
  Time since last request: 0.000011 seconds.
  path: Assets/yumi44_Wheat_icon._2d_game_style._Flat_Design_50c46399-8b91-4815-8a80-8a85cd610b49.png
  artifactKey: Guid(4af3833e3621e0e4c83ac059146e5f49) Importer(815301076,1909f56bfc062723c751e8b465ee728b)
Start importing Assets/yumi44_Wheat_icon._2d_game_style._Flat_Design_50c46399-8b91-4815-8a80-8a85cd610b49.png using Guid(4af3833e3621e0e4c83ac059146e5f49) Importer(815301076,1909f56bfc062723c751e8b465ee728b)  -> (artifact id: 'e055901a4bdaac55aa610a8776cb6a81') in 0.023884 seconds
Number of updated asset objects reloaded before import = 0
Number of asset objects unloaded after import = 3
========================================================================
Received Import Request.
  Time since last request: 0.000012 seconds.
  path: Assets/Mute Music.png
  artifactKey: Guid(62fdb77927b065d49a2f5cccf80448bf) Importer(815301076,1909f56bfc062723c751e8b465ee728b)
Start importing Assets/Mute Music.png using Guid(62fdb77927b065d49a2f5cccf80448bf) Importer(815301076,1909f56bfc062723c751e8b465ee728b)  -> (artifact id: 'cf15e35e2a568a65bed57679878442e7') in 0.022954 seconds
Number of updated asset objects reloaded before import = 0
Number of asset objects unloaded after import = 3
========================================================================
Received Import Request.
  Time since last request: 0.000013 seconds.
  path: Assets/Music.png
  artifactKey: Guid(eb479c923b50f6c45a8c6f13b25e1900) Importer(815301076,1909f56bfc062723c751e8b465ee728b)
Start importing Assets/Music.png using Guid(eb479c923b50f6c45a8c6f13b25e1900) Importer(815301076,1909f56bfc062723c751e8b465ee728b)  -> (artifact id: 'dc6bc5df0e33ac3a40a0852b7522fdc7') in 0.022687 seconds
Number of updated asset objects reloaded before import = 0
Number of asset objects unloaded after import = 3
========================================================================
Received Import Request.
  Time since last request: 0.000037 seconds.
  path: Assets/Normal Speed.png
  artifactKey: Guid(03e928c7e3b250649af4fec34cf4a855) Importer(815301076,1909f56bfc062723c751e8b465ee728b)
Start importing Assets/Normal Speed.png using Guid(03e928c7e3b250649af4fec34cf4a855) Importer(815301076,1909f56bfc062723c751e8b465ee728b)  -> (artifact id: '23d5f6a0212fc6e5f2f15a17f6bd998f') in 0.023385 seconds
Number of updated asset objects reloaded before import = 0
Number of asset objects unloaded after import = 3
========================================================================
Received Import Request.
  Time since last request: 0.000011 seconds.
  path: Assets/Bush.png
  artifactKey: Guid(26e18e1b01de4e145bed18257a389856) Importer(815301076,1909f56bfc062723c751e8b465ee728b)
Start importing Assets/Bush.png using Guid(26e18e1b01de4e145bed18257a389856) Importer(815301076,1909f56bfc062723c751e8b465ee728b)  -> (artifact id: '9d0d40ffa6cb6a170889c9e5d58dd9f4') in 0.015103 seconds
Number of updated asset objects reloaded before import = 0
Number of asset objects unloaded after import = 3
========================================================================
Received Import Request.
  Time since last request: 11.493728 seconds.
  path: Assets/Sounds/Battle.mp3
  artifactKey: Guid(fd4e56f9f21d2c044a739de2684a143d) Importer(815301076,1909f56bfc062723c751e8b465ee728b)
Start importing Assets/Sounds/Battle.mp3 using Guid(fd4e56f9f21d2c044a739de2684a143d) Importer(815301076,1909f56bfc062723c751e8b465ee728b)  -> (artifact id: '88f1156dc6a27649f44e38ae4070ad14') in 0.037111 seconds
Number of updated asset objects reloaded before import = 0
Number of asset objects unloaded after import = 2
========================================================================
Received Import Request.
  Time since last request: 0.000014 seconds.
  path: Assets/Sounds/Eating.aiff
  artifactKey: Guid(8ff885fbf7211ae478f215c8c559b478) Importer(815301076,1909f56bfc062723c751e8b465ee728b)
Start importing Assets/Sounds/Eating.aiff using Guid(8ff885fbf7211ae478f215c8c559b478) Importer(815301076,1909f56bfc062723c751e8b465ee728b)  -> (artifact id: '5655701b9ed7cba71b9a34b701878987') in 0.010710 seconds
Number of updated asset objects reloaded before import = 0
Number of asset objects unloaded after import = 2
========================================================================
Received Import Request.
  Time since last request: 0.000121 seconds.
  path: Assets/Sounds/Peaceful Village Ambience - Birds, Farm animals, Distant River (mp3cut.net).mp3
  artifactKey: Guid(23c66bb728a1bcc4b9f8e6cd34861b85) Importer(815301076,1909f56bfc062723c751e8b465ee728b)
Start importing Assets/Sounds/Peaceful Village Ambience - Birds, Farm animals, Distant River (mp3cut.net).mp3 using Guid(23c66bb728a1bcc4b9f8e6cd34861b85) Importer(815301076,1909f56bfc062723c751e8b465ee728b)  -> (artifact id: '40207c22929dc52fcf8a1b3074c10fcc') in 0.011155 seconds
Number of updated asset objects reloaded before import = 0
Number of asset objects unloaded after import = 2
========================================================================
Received Import Request.
  Time since last request: 0.000075 seconds.
  path: Assets/Sounds/GameOver.wav
  artifactKey: Guid(17694c807f2ff1343b6767ea35e5e0b6) Importer(815301076,1909f56bfc062723c751e8b465ee728b)
Start importing Assets/Sounds/GameOver.wav using Guid(17694c807f2ff1343b6767ea35e5e0b6) Importer(815301076,1909f56bfc062723c751e8b465ee728b)  -> (artifact id: '2ab0e8acb72dd5974fb561528f7c5bd6') in 0.011742 seconds
Number of updated asset objects reloaded before import = 0
Number of asset objects unloaded after import = 2
========================================================================
Received Import Request.
  Time since last request: 0.419140 seconds.
  path: Assets/TileMap/Isometric Assets 1.png
  artifactKey: Guid(1b49c4307e237ab4384f0e7e793b3b40) Importer(815301076,1909f56bfc062723c751e8b465ee728b)
Start importing Assets/TileMap/Isometric Assets 1.png using Guid(1b49c4307e237ab4384f0e7e793b3b40) Importer(815301076,1909f56bfc062723c751e8b465ee728b)  -> (artifact id: 'f85af935fa804cfdb6a89f3e6d54bd5e') in 0.267217 seconds
Number of updated asset objects reloaded before import = 0
Number of asset objects unloaded after import = 117
